# JRE version: Java(TM) SE Runtime Environment (9.0+11) (build 9.0.4+11)
# Java VM: Java HotSpot(TM) 64-Bit Server VM (9.0.4+11, mixed mode, tiered, compressed oops, g1 gc, windows-amd64)
Heap:
 garbage-first heap   total 357376K, used 180339K [0x0000000700000000, 0x0000000700100ae8, 0x00000007c0000000)
  region size 1024K, 57 young (58368K), 1 survivors (1024K)
 Metaspace       used 101526K, capacity 103921K, committed 108288K, reserved 1142784K
  class space    used 13903K, capacity 14399K, committed 15360K, reserved 1048576K
GC Heap History (10 events):
Event: 23129.548 GC heap before
{Heap before GC invocations=861 (full 85):
 garbage-first heap   total 357376K, used 186970K [0x0000000700000000, 0x0000000700100ae8, 0x00000007c0000000)
  region size 1024K, 60 young (61440K), 2 survivors (2048K)
 Metaspace       used 101523K, capacity 103921K, committed 108288K, reserved 1142784K
  class space    used 13903K, capacity 14399K, committed 15360K, reserved 1048576K
}
Event: 23129.550 GC heap after
{Heap after GC invocations=862 (full 85):
 garbage-first heap   total 357376K, used 127229K [0x0000000700000000, 0x0000000700100ae8, 0x00000007c0000000)
  region size 1024K, 2 young (2048K), 2 survivors (2048K)
 Metaspace       used 101523K, capacity 103921K, committed 108288K, reserved 1142784K
  class space    used 13903K, capacity 14399K, committed 15360K, reserved 1048576K
}
Event: 23130.062 GC heap before
{Heap before GC invocations=862 (full 85):
 garbage-first heap   total 357376K, used 145661K [0x0000000700000000, 0x0000000700100ae8, 0x00000007c0000000)
  region size 1024K, 21 young (21504K), 2 survivors (2048K)
 Metaspace       used 101523K, capacity 103921K, committed 108288K, reserved 1142784K
  class space    used 13903K, capacity 14399K, committed 15360K, reserved 1048576K
}
Event: 23130.292 GC heap after
{Heap after GC invocations=863 (full 86):
 garbage-first heap   total 357376K, used 117233K [0x0000000700000000, 0x0000000700100ae8, 0x00000007c0000000)
  region size 1024K, 0 young (0K), 0 survivors (0K)
 Metaspace       used 101523K, capacity 103921K, committed 108288K, reserved 1142784K
  class space    used 13903K, capacity 14399K, committed 15360K, reserved 1048576K
}
Event: 23133.307 GC heap before
{Heap before GC invocations=863 (full 86):
 garbage-first heap   total 357376K, used 151025K [0x0000000700000000, 0x0000000700100ae8, 0x00000007c0000000)
  region size 1024K, 28 young (28672K), 0 survivors (0K)
 Metaspace       used 101524K, capacity 103921K, committed 108288K, reserved 1142784K
  class space    used 13903K, capacity 14399K, committed 15360K, reserved 1048576K
}
Event: 23133.524 GC heap after
{Heap after GC invocations=864 (full 87):
 garbage-first heap   total 357376K, used 117411K [0x0000000700000000, 0x0000000700100ae8, 0x00000007c0000000)
  region size 1024K, 0 young (0K), 0 survivors (0K)
 Metaspace       used 101524K, capacity 103921K, committed 108288K, reserved 1142784K
  class space    used 13903K, capacity 14399K, committed 15360K, reserved 1048576K
}
Event: 23135.303 GC heap before
{Heap before GC invocations=864 (full 87):
 garbage-first heap   total 357376K, used 181923K [0x0000000700000000, 0x0000000700100ae8, 0x00000007c0000000)
  region size 1024K, 60 young (61440K), 0 survivors (0K)
 Metaspace       used 101525K, capacity 103921K, committed 108288K, reserved 1142784K
  class space    used 13903K, capacity 14399K, committed 15360K, reserved 1048576K
}
Event: 23135.306 GC heap after
{Heap after GC invocations=865 (full 87):
 garbage-first heap   total 357376K, used 121134K [0x0000000700000000, 0x0000000700100ae8, 0x00000007c0000000)
  region size 1024K, 1 young (1024K), 1 survivors (1024K)
 Metaspace       used 101525K, capacity 103921K, committed 108288K, reserved 1142784K
  class space    used 13903K, capacity 14399K, committed 15360K, reserved 1048576K
}
Event: 23135.468 GC heap before
{Heap before GC invocations=865 (full 87):
 garbage-first heap   total 357376K, used 184622K [0x0000000700000000, 0x0000000700100ae8, 0x00000007c0000000)
  region size 1024K, 60 young (61440K), 1 survivors (1024K)
 Metaspace       used 101525K, capacity 103921K, committed 108288K, reserved 1142784K
  class space    used 13903K, capacity 14399K, committed 15360K, reserved 1048576K
}
Event: 23135.470 GC heap after
{Heap after GC invocations=866 (full 87):
 garbage-first heap   total 357376K, used 124019K [0x0000000700000000, 0x0000000700100ae8, 0x00000007c0000000)
  region size 1024K, 1 young (1024K), 1 survivors (1024K)
 Metaspace       used 101525K, capacity 103921K, committed 108288K, reserved 1142784K
  class space    used 13903K, capacity 14399K, committed 15360K, reserved 1048576K
}

